TN:
SF:src\middlewares\auth.middleware.ts
FN:16,(anonymous_1)
FNF:1
FNH:1
FNDA:5,(anonymous_1)
DA:2,2
DA:3,2
DA:4,2
DA:6,2
DA:16,2
DA:21,5
DA:22,5
DA:24,5
DA:25,2
DA:28,3
DA:30,3
DA:36,2
DA:41,2
DA:42,1
DA:45,1
DA:46,1
DA:48,4
DA:49,1
DA:51,3
LF:19
LH:19
BRDA:24,0,0,2
BRDA:24,1,0,5
BRDA:24,1,1,4
BRDA:32,2,0,3
BRDA:32,2,1,0
BRDA:41,3,0,1
BRDA:48,4,0,1
BRDA:48,4,1,3
BRF:8
BRH:7
end_of_record
TN:
SF:src\middlewares\error.middleware.ts
FN:8,(anonymous_1)
FN:16,(anonymous_2)
FNF:2
FNH:2
FNDA:9,(anonymous_1)
FNDA:2,(anonymous_2)
DA:2,2
DA:4,2
DA:9,9
DA:10,9
DA:11,9
DA:12,9
DA:16,2
DA:22,2
DA:23,1
DA:25,1
DA:31,1
DA:32,1
DA:34,1
LF:13
LH:13
BRDA:22,0,0,1
BRF:1
BRH:1
end_of_record
TN:
SF:src\middlewares\rateLimiter.middleware.ts
FNF:0
FNH:0
DA:1,1
DA:3,1
LF:2
LH:2
BRDA:4,0,0,1
BRDA:4,0,1,1
BRDA:5,1,0,1
BRDA:5,1,1,1
BRF:4
BRH:4
end_of_record
TN:
SF:src\middlewares\rbac.middleware.ts
FN:5,(anonymous_0)
FN:6,(anonymous_1)
FNF:2
FNH:2
FNDA:13,(anonymous_0)
FNDA:5,(anonymous_1)
DA:3,2
DA:5,2
DA:6,13
DA:7,5
DA:8,1
DA:11,4
DA:12,2
DA:15,2
LF:8
LH:8
BRDA:7,0,0,1
BRDA:11,1,0,2
BRF:2
BRH:2
end_of_record
TN:
SF:src\middlewares\validation.middleware.ts
FNF:0
FNH:0
DA:1,1
DA:3,1
DA:15,1
DA:20,1
DA:28,1
DA:37,1
LF:6
LH:6
BRF:0
BRH:0
end_of_record
TN:
SF:src\utils\asyncHandler.ts
FN:3,(anonymous_0)
FN:4,(anonymous_1)
FNF:2
FNH:2
FNDA:9,(anonymous_0)
FNDA:3,(anonymous_1)
DA:3,2
DA:4,9
DA:5,3
LF:3
LH:3
BRF:0
BRH:0
end_of_record
TN:
SF:src\utils\logger.ts
FNF:0
FNH:0
DA:1,2
DA:3,2
DA:18,2
DA:19,2
DA:29,2
LF:5
LH:5
BRDA:4,0,0,2
BRDA:4,0,1,2
BRDA:18,1,0,2
BRF:3
BRH:3
end_of_record
